{"/Users/chaoyouxian/Desktop/Projects/@youxian/utils/src/constants/keys.ts": {"path":"/Users/chaoyouxian/Desktop/Projects/@youxian/utils/src/constants/keys.ts","statementMap":{"0":{"start":{"line":1,"column":13},"end":{"line":1,"column":37}}},"fnMap":{},"branchMap":{},"s":{"0":4},"f":{},"b":{}}
,"/Users/chaoyouxian/Desktop/Projects/@youxian/utils/src/hooks/data/useBoolean.ts": {"path":"/Users/chaoyouxian/Desktop/Projects/@youxian/utils/src/hooks/data/useBoolean.ts","statementMap":{"0":{"start":{"line":1,"column":0},"end":{"line":1,"column":46}},"1":{"start":{"line":16,"column":26},"end":{"line":32,"column":1}},"2":{"start":{"line":17,"column":28},"end":{"line":17,"column":47}},"3":{"start":{"line":19,"column":18},"end":{"line":21,"column":8}},"4":{"start":{"line":20,"column":4},"end":{"line":20,"column":19}},"5":{"start":{"line":23,"column":19},"end":{"line":25,"column":8}},"6":{"start":{"line":24,"column":4},"end":{"line":24,"column":20}},"7":{"start":{"line":27,"column":17},"end":{"line":29,"column":13}},"8":{"start":{"line":28,"column":4},"end":{"line":28,"column":21}},"9":{"start":{"line":31,"column":2},"end":{"line":31,"column":48}},"10":{"start":{"line":16,"column":13},"end":{"line":16,"column":26}},"11":{"start":{"line":34,"column":0},"end":{"line":34,"column":26}}},"fnMap":{"0":{"name":"(anonymous_0)","decl":{"start":{"line":16,"column":26},"end":{"line":16,"column":27}},"loc":{"start":{"line":16,"column":63},"end":{"line":32,"column":1}}},"1":{"name":"(anonymous_1)","decl":{"start":{"line":19,"column":30},"end":{"line":19,"column":33}},"loc":{"start":{"line":19,"column":35},"end":{"line":21,"column":3}}},"2":{"name":"(anonymous_2)","decl":{"start":{"line":23,"column":31},"end":{"line":23,"column":34}},"loc":{"start":{"line":23,"column":36},"end":{"line":25,"column":3}}},"3":{"name":"(anonymous_3)","decl":{"start":{"line":27,"column":29},"end":{"line":27,"column":32}},"loc":{"start":{"line":27,"column":34},"end":{"line":29,"column":3}}}},"branchMap":{"0":{"loc":{"start":{"line":16,"column":27},"end":{"line":16,"column":53}},"type":"default-arg","locations":[{"start":{"line":16,"column":48},"end":{"line":16,"column":53}}]}},"s":{"0":1,"1":1,"2":4,"3":4,"4":1,"5":4,"6":1,"7":4,"8":1,"9":4,"10":1,"11":1},"f":{"0":4,"1":1,"2":1,"3":1},"b":{"0":[4]}}
,"/Users/chaoyouxian/Desktop/Projects/@youxian/utils/src/hooks/data/useClosestRef.ts": {"path":"/Users/chaoyouxian/Desktop/Projects/@youxian/utils/src/hooks/data/useClosestRef.ts","statementMap":{"0":{"start":{"line":1,"column":0},"end":{"line":1,"column":49}},"1":{"start":{"line":6,"column":29},"end":{"line":10,"column":1}},"2":{"start":{"line":7,"column":17},"end":{"line":7,"column":28}},"3":{"start":{"line":8,"column":2},"end":{"line":8,"column":23}},"4":{"start":{"line":9,"column":2},"end":{"line":9,"column":16}},"5":{"start":{"line":6,"column":13},"end":{"line":6,"column":29}},"6":{"start":{"line":12,"column":0},"end":{"line":12,"column":29}}},"fnMap":{"0":{"name":"(anonymous_0)","decl":{"start":{"line":6,"column":29},"end":{"line":6,"column":33}},"loc":{"start":{"line":6,"column":64},"end":{"line":10,"column":1}}}},"branchMap":{},"s":{"0":1,"1":1,"2":3,"3":3,"4":3,"5":1,"6":1},"f":{"0":3},"b":{}}
,"/Users/chaoyouxian/Desktop/Projects/@youxian/utils/src/hooks/lifecycle/useForceUpdate.ts": {"path":"/Users/chaoyouxian/Desktop/Projects/@youxian/utils/src/hooks/lifecycle/useForceUpdate.ts","statementMap":{"0":{"start":{"line":1,"column":0},"end":{"line":1,"column":35}},"1":{"start":{"line":7,"column":30},"end":{"line":10,"column":1}},"2":{"start":{"line":8,"column":26},"end":{"line":8,"column":54}},"3":{"start":{"line":8,"column":44},"end":{"line":8,"column":46}},"4":{"start":{"line":9,"column":2},"end":{"line":9,"column":21}},"5":{"start":{"line":7,"column":13},"end":{"line":7,"column":30}},"6":{"start":{"line":12,"column":0},"end":{"line":12,"column":30}}},"fnMap":{"0":{"name":"(anonymous_0)","decl":{"start":{"line":7,"column":30},"end":{"line":7,"column":47}},"loc":{"start":{"line":7,"column":49},"end":{"line":10,"column":1}}},"1":{"name":"(anonymous_1)","decl":{"start":{"line":8,"column":37},"end":{"line":8,"column":40}},"loc":{"start":{"line":8,"column":44},"end":{"line":8,"column":46}}}},"branchMap":{},"s":{"0":1,"1":1,"2":4,"3":4,"4":4,"5":1,"6":1},"f":{"0":4,"1":4},"b":{}}
,"/Users/chaoyouxian/Desktop/Projects/@youxian/utils/src/hooks/lifecycle/useMount.ts": {"path":"/Users/chaoyouxian/Desktop/Projects/@youxian/utils/src/hooks/lifecycle/useMount.ts","statementMap":{"0":{"start":{"line":1,"column":0},"end":{"line":1,"column":34}},"1":{"start":{"line":7,"column":24},"end":{"line":9,"column":1}},"2":{"start":{"line":8,"column":2},"end":{"line":8,"column":20}},"3":{"start":{"line":7,"column":13},"end":{"line":7,"column":24}},"4":{"start":{"line":11,"column":0},"end":{"line":11,"column":24}}},"fnMap":{"0":{"name":"(anonymous_0)","decl":{"start":{"line":7,"column":24},"end":{"line":7,"column":25}},"loc":{"start":{"line":7,"column":51},"end":{"line":9,"column":1}}}},"branchMap":{},"s":{"0":1,"1":1,"2":1,"3":1,"4":1},"f":{"0":1},"b":{}}
,"/Users/chaoyouxian/Desktop/Projects/@youxian/utils/src/hooks/lifecycle/useUnMount.ts": {"path":"/Users/chaoyouxian/Desktop/Projects/@youxian/utils/src/hooks/lifecycle/useUnMount.ts","statementMap":{"0":{"start":{"line":1,"column":0},"end":{"line":1,"column":42}},"1":{"start":{"line":7,"column":26},"end":{"line":11,"column":1}},"2":{"start":{"line":8,"column":16},"end":{"line":8,"column":26}},"3":{"start":{"line":9,"column":2},"end":{"line":9,"column":21}},"4":{"start":{"line":10,"column":2},"end":{"line":10,"column":37}},"5":{"start":{"line":10,"column":18},"end":{"line":10,"column":31}},"6":{"start":{"line":7,"column":13},"end":{"line":7,"column":26}},"7":{"start":{"line":13,"column":0},"end":{"line":13,"column":26}}},"fnMap":{"0":{"name":"(anonymous_0)","decl":{"start":{"line":7,"column":26},"end":{"line":7,"column":27}},"loc":{"start":{"line":7,"column":53},"end":{"line":11,"column":1}}},"1":{"name":"(anonymous_1)","decl":{"start":{"line":10,"column":12},"end":{"line":10,"column":15}},"loc":{"start":{"line":10,"column":18},"end":{"line":10,"column":31}}}},"branchMap":{},"s":{"0":1,"1":1,"2":1,"3":1,"4":1,"5":1,"6":1,"7":1},"f":{"0":1,"1":1},"b":{}}
,"/Users/chaoyouxian/Desktop/Projects/@youxian/utils/src/hooks/lifecycle/useUpdate.ts": {"path":"/Users/chaoyouxian/Desktop/Projects/@youxian/utils/src/hooks/lifecycle/useUpdate.ts","statementMap":{"0":{"start":{"line":1,"column":0},"end":{"line":1,"column":50}},"1":{"start":{"line":6,"column":25},"end":{"line":8,"column":1}},"2":{"start":{"line":7,"column":2},"end":{"line":7,"column":22}},"3":{"start":{"line":6,"column":13},"end":{"line":6,"column":25}},"4":{"start":{"line":10,"column":0},"end":{"line":10,"column":25}}},"fnMap":{"0":{"name":"(anonymous_0)","decl":{"start":{"line":6,"column":25},"end":{"line":6,"column":26}},"loc":{"start":{"line":6,"column":72},"end":{"line":8,"column":1}}}},"branchMap":{},"s":{"0":1,"1":1,"2":4,"3":1,"4":1},"f":{"0":4},"b":{}}
,"/Users/chaoyouxian/Desktop/Projects/@youxian/utils/src/hooks/utils/useRenderCount.ts": {"path":"/Users/chaoyouxian/Desktop/Projects/@youxian/utils/src/hooks/utils/useRenderCount.ts","statementMap":{"0":{"start":{"line":1,"column":0},"end":{"line":1,"column":31}},"1":{"start":{"line":6,"column":30},"end":{"line":10,"column":1}},"2":{"start":{"line":7,"column":19},"end":{"line":7,"column":28}},"3":{"start":{"line":8,"column":2},"end":{"line":8,"column":21}},"4":{"start":{"line":9,"column":2},"end":{"line":9,"column":26}},"5":{"start":{"line":6,"column":13},"end":{"line":6,"column":30}},"6":{"start":{"line":12,"column":0},"end":{"line":12,"column":30}}},"fnMap":{"0":{"name":"(anonymous_0)","decl":{"start":{"line":6,"column":30},"end":{"line":6,"column":41}},"loc":{"start":{"line":6,"column":43},"end":{"line":10,"column":1}}}},"branchMap":{},"s":{"0":2,"1":2,"2":8,"3":8,"4":8,"5":2,"6":2},"f":{"0":8},"b":{}}
,"/Users/chaoyouxian/Desktop/Projects/@youxian/utils/src/libs/defer-promise/index.ts": {"path":"/Users/chaoyouxian/Desktop/Projects/@youxian/utils/src/libs/defer-promise/index.ts","statementMap":{"0":{"start":{"line":14,"column":21},"end":{"line":29,"column":1}},"1":{"start":{"line":17,"column":19},"end":{"line":17,"column":39}},"2":{"start":{"line":18,"column":2},"end":{"line":27,"column":5}},"3":{"start":{"line":19,"column":4},"end":{"line":19,"column":32}},"4":{"start":{"line":20,"column":4},"end":{"line":20,"column":30}},"5":{"start":{"line":22,"column":4},"end":{"line":26,"column":null}},"6":{"start":{"line":23,"column":6},"end":{"line":25,"column":26}},"7":{"start":{"line":24,"column":8},"end":{"line":24,"column":56}},"8":{"start":{"line":28,"column":2},"end":{"line":28,"column":18}},"9":{"start":{"line":14,"column":13},"end":{"line":14,"column":21}}},"fnMap":{"0":{"name":"(anonymous_0)","decl":{"start":{"line":14,"column":21},"end":{"line":14,"column":null}},"loc":{"start":{"line":16,"column":20},"end":{"line":29,"column":1}}},"1":{"name":"(anonymous_1)","decl":{"start":{"line":18,"column":36},"end":{"line":18,"column":37}},"loc":{"start":{"line":18,"column":58},"end":{"line":27,"column":3}}},"2":{"name":"(anonymous_2)","decl":{"start":{"line":23,"column":17},"end":{"line":23,"column":20}},"loc":{"start":{"line":23,"column":22},"end":{"line":25,"column":7}}}},"branchMap":{"0":{"loc":{"start":{"line":15,"column":2},"end":{"line":15,"column":28}},"type":"default-arg","locations":[{"start":{"line":15,"column":26},"end":{"line":15,"column":28}}]},"1":{"loc":{"start":{"line":22,"column":4},"end":{"line":26,"column":null}},"type":"if","locations":[{"start":{"line":22,"column":4},"end":{"line":26,"column":null}}]}},"s":{"0":1,"1":3,"2":3,"3":3,"4":3,"5":3,"6":1,"7":1,"8":3,"9":1},"f":{"0":3,"1":3,"2":1},"b":{"0":[2],"1":[1]}}
,"/Users/chaoyouxian/Desktop/Projects/@youxian/utils/src/libs/logger/index.ts": {"path":"/Users/chaoyouxian/Desktop/Projects/@youxian/utils/src/libs/logger/index.ts","statementMap":{"0":{"start":{"line":1,"column":0},"end":{"line":1,"column":26}},"1":{"start":{"line":3,"column":0},"end":{"line":3,"column":51}},"2":{"start":{"line":5,"column":15},"end":{"line":5,"column":31}},"3":{"start":{"line":7,"column":12},"end":{"line":11,"column":2}},"4":{"start":{"line":9,"column":34},"end":{"line":9,"column":66}},"5":{"start":{"line":10,"column":35},"end":{"line":10,"column":68}},"6":{"start":{"line":13,"column":0},"end":{"line":13,"column":19}}},"fnMap":{"0":{"name":"(anonymous_1)","decl":{"start":{"line":9,"column":8},"end":{"line":9,"column":9}},"loc":{"start":{"line":9,"column":34},"end":{"line":9,"column":66}}},"1":{"name":"(anonymous_2)","decl":{"start":{"line":10,"column":9},"end":{"line":10,"column":10}},"loc":{"start":{"line":10,"column":35},"end":{"line":10,"column":68}}}},"branchMap":{},"s":{"0":4,"1":4,"2":4,"3":4,"4":1,"5":1,"6":4},"f":{"0":1,"1":1},"b":{}}
,"/Users/chaoyouxian/Desktop/Projects/@youxian/utils/src/utils/json.ts": {"path":"/Users/chaoyouxian/Desktop/Projects/@youxian/utils/src/utils/json.ts","statementMap":{"0":{"start":{"line":1,"column":0},"end":{"line":1,"column":33}},"1":{"start":{"line":12,"column":24},"end":{"line":19,"column":1}},"2":{"start":{"line":13,"column":2},"end":{"line":18,"column":null}},"3":{"start":{"line":14,"column":4},"end":{"line":14,"column":29}},"4":{"start":{"line":16,"column":4},"end":{"line":16,"column":54}},"5":{"start":{"line":17,"column":4},"end":{"line":17,"column":14}},"6":{"start":{"line":12,"column":13},"end":{"line":12,"column":24}},"7":{"start":{"line":24,"column":28},"end":{"line":31,"column":1}},"8":{"start":{"line":25,"column":2},"end":{"line":30,"column":null}},"9":{"start":{"line":26,"column":4},"end":{"line":26,"column":32}},"10":{"start":{"line":28,"column":4},"end":{"line":28,"column":35}},"11":{"start":{"line":29,"column":4},"end":{"line":29,"column":14}},"12":{"start":{"line":24,"column":13},"end":{"line":24,"column":28}}},"fnMap":{"0":{"name":"(anonymous_1)","decl":{"start":{"line":12,"column":24},"end":{"line":12,"column":25}},"loc":{"start":{"line":12,"column":47},"end":{"line":19,"column":1}}},"1":{"name":"(anonymous_2)","decl":{"start":{"line":24,"column":28},"end":{"line":24,"column":29}},"loc":{"start":{"line":24,"column":50},"end":{"line":31,"column":1}}}},"branchMap":{},"s":{"0":1,"1":1,"2":2,"3":2,"4":1,"5":1,"6":1,"7":1,"8":3,"9":3,"10":1,"11":1,"12":1},"f":{"0":2,"1":3},"b":{}}
,"/Users/chaoyouxian/Desktop/Projects/@youxian/utils/src/utils/math.ts": {"path":"/Users/chaoyouxian/Desktop/Projects/@youxian/utils/src/utils/math.ts","statementMap":{"0":{"start":{"line":10,"column":19},"end":{"line":11,"column":43}},"1":{"start":{"line":11,"column":2},"end":{"line":11,"column":43}},"2":{"start":{"line":11,"column":29},"end":{"line":11,"column":39}},"3":{"start":{"line":10,"column":13},"end":{"line":10,"column":19}},"4":{"start":{"line":18,"column":23},"end":{"line":18,"column":72}},"5":{"start":{"line":18,"column":46},"end":{"line":18,"column":72}},"6":{"start":{"line":18,"column":13},"end":{"line":18,"column":23}},"7":{"start":{"line":25,"column":22},"end":{"line":25,"column":52}},"8":{"start":{"line":25,"column":39},"end":{"line":25,"column":52}},"9":{"start":{"line":25,"column":13},"end":{"line":25,"column":22}},"10":{"start":{"line":32,"column":21},"end":{"line":32,"column":51}},"11":{"start":{"line":32,"column":38},"end":{"line":32,"column":51}},"12":{"start":{"line":32,"column":13},"end":{"line":32,"column":21}},"13":{"start":{"line":49,"column":2},"end":{"line":55,"column":null}},"14":{"start":{"line":51,"column":4},"end":{"line":51,"column":39}},"15":{"start":{"line":52,"column":9},"end":{"line":55,"column":null}},"16":{"start":{"line":54,"column":4},"end":{"line":54,"column":41}},"17":{"start":{"line":57,"column":2},"end":{"line":60,"column":4}},"18":{"start":{"line":59,"column":14},"end":{"line":59,"column":30}},"19":{"start":{"line":44,"column":0},"end":{"line":44,"column":16}}},"fnMap":{"0":{"name":"(anonymous_0)","decl":{"start":{"line":10,"column":19},"end":{"line":10,"column":20}},"loc":{"start":{"line":11,"column":2},"end":{"line":11,"column":43}}},"1":{"name":"(anonymous_1)","decl":{"start":{"line":11,"column":14},"end":{"line":11,"column":15}},"loc":{"start":{"line":11,"column":29},"end":{"line":11,"column":39}}},"2":{"name":"(anonymous_2)","decl":{"start":{"line":18,"column":23},"end":{"line":18,"column":24}},"loc":{"start":{"line":18,"column":46},"end":{"line":18,"column":72}}},"3":{"name":"(anonymous_3)","decl":{"start":{"line":25,"column":22},"end":{"line":25,"column":23}},"loc":{"start":{"line":25,"column":39},"end":{"line":25,"column":52}}},"4":{"name":"(anonymous_4)","decl":{"start":{"line":32,"column":21},"end":{"line":32,"column":22}},"loc":{"start":{"line":32,"column":38},"end":{"line":32,"column":51}}},"5":{"name":"range","decl":{"start":{"line":44,"column":16},"end":{"line":44,"column":21}},"loc":{"start":{"line":47,"column":27},"end":{"line":61,"column":1}}},"6":{"name":"(anonymous_6)","decl":{"start":{"line":59,"column":4},"end":{"line":59,"column":5}},"loc":{"start":{"line":59,"column":14},"end":{"line":59,"column":30}}}},"branchMap":{"0":{"loc":{"start":{"line":49,"column":2},"end":{"line":55,"column":null}},"type":"if","locations":[{"start":{"line":49,"column":2},"end":{"line":55,"column":null}},{"start":{"line":52,"column":9},"end":{"line":55,"column":null}}]},"1":{"loc":{"start":{"line":52,"column":9},"end":{"line":55,"column":null}},"type":"if","locations":[{"start":{"line":52,"column":9},"end":{"line":55,"column":null}}]}},"s":{"0":5,"1":15,"2":6220,"3":5,"4":5,"5":11,"6":5,"7":5,"8":4,"9":5,"10":5,"11":4,"12":5,"13":6,"14":2,"15":4,"16":2,"17":6,"18":38,"19":5},"f":{"0":15,"1":6220,"2":11,"3":4,"4":4,"5":6,"6":38},"b":{"0":[2,4],"1":[2]}}
,"/Users/chaoyouxian/Desktop/Projects/@youxian/utils/src/utils/optimization.ts": {"path":"/Users/chaoyouxian/Desktop/Projects/@youxian/utils/src/utils/optimization.ts","statementMap":{"0":{"start":{"line":11,"column":24},"end":{"line":20,"column":1}},"1":{"start":{"line":12,"column":29},"end":{"line":12,"column":33}},"2":{"start":{"line":14,"column":2},"end":{"line":19,"column":4}},"3":{"start":{"line":15,"column":4},"end":{"line":15,"column":24}},"4":{"start":{"line":16,"column":4},"end":{"line":18,"column":14}},"5":{"start":{"line":17,"column":6},"end":{"line":17,"column":18}},"6":{"start":{"line":11,"column":13},"end":{"line":11,"column":24}},"7":{"start":{"line":28,"column":24},"end":{"line":41,"column":1}},"8":{"start":{"line":29,"column":13},"end":{"line":29,"column":18}},"9":{"start":{"line":31,"column":2},"end":{"line":40,"column":4}},"10":{"start":{"line":32,"column":4},"end":{"line":34,"column":null}},"11":{"start":{"line":33,"column":6},"end":{"line":33,"column":13}},"12":{"start":{"line":35,"column":4},"end":{"line":35,"column":16}},"13":{"start":{"line":36,"column":4},"end":{"line":39,"column":14}},"14":{"start":{"line":37,"column":6},"end":{"line":37,"column":18}},"15":{"start":{"line":38,"column":6},"end":{"line":38,"column":19}},"16":{"start":{"line":28,"column":13},"end":{"line":28,"column":24}},"17":{"start":{"line":52,"column":20},"end":{"line":65,"column":1}},"18":{"start":{"line":53,"column":15},"end":{"line":53,"column":19}},"19":{"start":{"line":54,"column":13},"end":{"line":54,"column":18}},"20":{"start":{"line":56,"column":2},"end":{"line":64,"column":4}},"21":{"start":{"line":57,"column":4},"end":{"line":61,"column":null}},"22":{"start":{"line":58,"column":6},"end":{"line":58,"column":27}},"23":{"start":{"line":59,"column":6},"end":{"line":59,"column":18}},"24":{"start":{"line":60,"column":6},"end":{"line":60,"column":16}},"25":{"start":{"line":63,"column":4},"end":{"line":63,"column":18}},"26":{"start":{"line":52,"column":13},"end":{"line":52,"column":20}}},"fnMap":{"0":{"name":"(anonymous_0)","decl":{"start":{"line":11,"column":24},"end":{"line":11,"column":25}},"loc":{"start":{"line":11,"column":56},"end":{"line":20,"column":1}}},"1":{"name":"(anonymous_1)","decl":{"start":{"line":14,"column":9},"end":{"line":14,"column":10}},"loc":{"start":{"line":14,"column":28},"end":{"line":19,"column":3}}},"2":{"name":"(anonymous_2)","decl":{"start":{"line":16,"column":49},"end":{"line":16,"column":52}},"loc":{"start":{"line":16,"column":54},"end":{"line":18,"column":5}}},"3":{"name":"(anonymous_3)","decl":{"start":{"line":28,"column":24},"end":{"line":28,"column":25}},"loc":{"start":{"line":28,"column":56},"end":{"line":41,"column":1}}},"4":{"name":"(anonymous_4)","decl":{"start":{"line":31,"column":9},"end":{"line":31,"column":10}},"loc":{"start":{"line":31,"column":28},"end":{"line":40,"column":3}}},"5":{"name":"(anonymous_5)","decl":{"start":{"line":36,"column":15},"end":{"line":36,"column":18}},"loc":{"start":{"line":36,"column":20},"end":{"line":39,"column":5}}},"6":{"name":"(anonymous_6)","decl":{"start":{"line":52,"column":20},"end":{"line":52,"column":24}},"loc":{"start":{"line":52,"column":52},"end":{"line":65,"column":1}}},"7":{"name":"(anonymous_7)","decl":{"start":{"line":56,"column":9},"end":{"line":56,"column":10}},"loc":{"start":{"line":56,"column":21},"end":{"line":64,"column":3}}}},"branchMap":{"0":{"loc":{"start":{"line":32,"column":4},"end":{"line":34,"column":null}},"type":"if","locations":[{"start":{"line":32,"column":4},"end":{"line":34,"column":null}}]},"1":{"loc":{"start":{"line":57,"column":4},"end":{"line":61,"column":null}},"type":"if","locations":[{"start":{"line":57,"column":4},"end":{"line":61,"column":null}}]}},"s":{"0":3,"1":2,"2":2,"3":10,"4":10,"5":6,"6":3,"7":3,"8":2,"9":2,"10":11,"11":6,"12":5,"13":5,"14":5,"15":5,"16":3,"17":3,"18":1,"19":1,"20":1,"21":2,"22":1,"23":1,"24":1,"25":2,"26":3},"f":{"0":2,"1":10,"2":6,"3":2,"4":11,"5":5,"6":1,"7":2},"b":{"0":[6],"1":[1]}}
,"/Users/chaoyouxian/Desktop/Projects/@youxian/utils/src/utils/random.ts": {"path":"/Users/chaoyouxian/Desktop/Projects/@youxian/utils/src/utils/random.ts","statementMap":{"0":{"start":{"line":9,"column":29},"end":{"line":9,"column":63}},"1":{"start":{"line":9,"column":44},"end":{"line":9,"column":63}},"2":{"start":{"line":9,"column":13},"end":{"line":9,"column":29}},"3":{"start":{"line":23,"column":2},"end":{"line":27,"column":null}},"4":{"start":{"line":24,"column":4},"end":{"line":24,"column":24}},"5":{"start":{"line":25,"column":9},"end":{"line":27,"column":null}},"6":{"start":{"line":26,"column":4},"end":{"line":26,"column":26}},"7":{"start":{"line":29,"column":2},"end":{"line":29,"column":55}},"8":{"start":{"line":19,"column":0},"end":{"line":19,"column":16}}},"fnMap":{"0":{"name":"(anonymous_0)","decl":{"start":{"line":9,"column":29},"end":{"line":9,"column":41}},"loc":{"start":{"line":9,"column":44},"end":{"line":9,"column":63}}},"1":{"name":"randomInt","decl":{"start":{"line":19,"column":16},"end":{"line":19,"column":25}},"loc":{"start":{"line":21,"column":26},"end":{"line":30,"column":1}}}},"branchMap":{"0":{"loc":{"start":{"line":23,"column":2},"end":{"line":27,"column":null}},"type":"if","locations":[{"start":{"line":23,"column":2},"end":{"line":27,"column":null}},{"start":{"line":25,"column":9},"end":{"line":27,"column":null}}]},"1":{"loc":{"start":{"line":25,"column":9},"end":{"line":27,"column":null}},"type":"if","locations":[{"start":{"line":25,"column":9},"end":{"line":27,"column":null}}]}},"s":{"0":2,"1":5000,"2":2,"3":6000,"4":1000,"5":5000,"6":5000,"7":6000,"8":2},"f":{"0":5000,"1":6000},"b":{"0":[1000,5000],"1":[5000]}}
,"/Users/chaoyouxian/Desktop/Projects/@youxian/utils/src/utils/string.ts": {"path":"/Users/chaoyouxian/Desktop/Projects/@youxian/utils/src/utils/string.ts","statementMap":{"0":{"start":{"line":10,"column":23},"end":{"line":10,"column":68}},"1":{"start":{"line":10,"column":38},"end":{"line":10,"column":68}},"2":{"start":{"line":10,"column":13},"end":{"line":10,"column":23}}},"fnMap":{"0":{"name":"(anonymous_0)","decl":{"start":{"line":10,"column":23},"end":{"line":10,"column":24}},"loc":{"start":{"line":10,"column":38},"end":{"line":10,"column":68}}}},"branchMap":{},"s":{"0":1,"1":3,"2":1},"f":{"0":3},"b":{}}
,"/Users/chaoyouxian/Desktop/Projects/@youxian/utils/src/utils/time.ts": {"path":"/Users/chaoyouxian/Desktop/Projects/@youxian/utils/src/utils/time.ts","statementMap":{"0":{"start":{"line":23,"column":27},"end":{"line":39,"column":1}},"1":{"start":{"line":24,"column":18},"end":{"line":24,"column":28}},"2":{"start":{"line":26,"column":16},"end":{"line":28,"column":3}},"3":{"start":{"line":27,"column":4},"end":{"line":27,"column":27}},"4":{"start":{"line":30,"column":15},"end":{"line":36,"column":3}},"5":{"start":{"line":31,"column":22},"end":{"line":31,"column":65}},"6":{"start":{"line":32,"column":18},"end":{"line":32,"column":43}},"7":{"start":{"line":33,"column":4},"end":{"line":35,"column":6}},"8":{"start":{"line":34,"column":6},"end":{"line":34,"column":26}},"9":{"start":{"line":38,"column":2},"end":{"line":38,"column":25}},"10":{"start":{"line":23,"column":13},"end":{"line":23,"column":27}},"11":{"start":{"line":46,"column":20},"end":{"line":51,"column":4}},"12":{"start":{"line":47,"column":2},"end":{"line":51,"column":4}},"13":{"start":{"line":48,"column":4},"end":{"line":50,"column":14}},"14":{"start":{"line":49,"column":6},"end":{"line":49,"column":16}},"15":{"start":{"line":46,"column":13},"end":{"line":46,"column":20}}},"fnMap":{"0":{"name":"(anonymous_0)","decl":{"start":{"line":23,"column":27},"end":{"line":23,"column":28}},"loc":{"start":{"line":23,"column":52},"end":{"line":39,"column":1}}},"1":{"name":"(anonymous_1)","decl":{"start":{"line":26,"column":16},"end":{"line":26,"column":19}},"loc":{"start":{"line":26,"column":21},"end":{"line":28,"column":3}}},"2":{"name":"(anonymous_2)","decl":{"start":{"line":30,"column":15},"end":{"line":30,"column":16}},"loc":{"start":{"line":30,"column":36},"end":{"line":36,"column":3}}},"3":{"name":"(anonymous_3)","decl":{"start":{"line":33,"column":11},"end":{"line":33,"column":14}},"loc":{"start":{"line":33,"column":16},"end":{"line":35,"column":5}}},"4":{"name":"(anonymous_4)","decl":{"start":{"line":46,"column":20},"end":{"line":46,"column":21}},"loc":{"start":{"line":47,"column":2},"end":{"line":51,"column":4}}},"5":{"name":"(anonymous_5)","decl":{"start":{"line":47,"column":14},"end":{"line":47,"column":15}},"loc":{"start":{"line":47,"column":26},"end":{"line":51,"column":3}}},"6":{"name":"(anonymous_6)","decl":{"start":{"line":48,"column":15},"end":{"line":48,"column":18}},"loc":{"start":{"line":48,"column":20},"end":{"line":50,"column":5}}}},"branchMap":{},"s":{"0":3,"1":4,"2":4,"3":1,"4":4,"5":4,"6":4,"7":4,"8":1,"9":4,"10":3,"11":3,"12":16,"13":16,"14":16,"15":3},"f":{"0":4,"1":1,"2":4,"3":1,"4":16,"5":16,"6":16},"b":{}}
}
