TN:
SF:src/constants/keys.ts
FNF:0
FNH:0
DA:1,4
LF:1
LH:1
BRF:0
BRH:0
end_of_record
TN:
SF:src/hooks/data/useBoolean.ts
FN:16,(anonymous_0)
FN:19,(anonymous_1)
FN:23,(anonymous_2)
FN:27,(anonymous_3)
FNF:4
FNH:4
FNDA:4,(anonymous_0)
FNDA:1,(anonymous_1)
FNDA:1,(anonymous_2)
FNDA:1,(anonymous_3)
DA:1,1
DA:16,1
DA:17,4
DA:19,4
DA:20,1
DA:23,4
DA:24,1
DA:27,4
DA:28,1
DA:31,4
DA:34,1
LF:11
LH:11
BRDA:16,0,0,4
BRF:1
BRH:1
end_of_record
TN:
SF:src/hooks/data/useClosestRef.ts
FN:6,(anonymous_0)
FNF:1
FNH:1
FNDA:3,(anonymous_0)
DA:1,1
DA:6,1
DA:7,3
DA:8,3
DA:9,3
DA:12,1
LF:6
LH:6
BRF:0
BRH:0
end_of_record
TN:
SF:src/hooks/lifecycle/useForceUpdate.ts
FN:7,(anonymous_0)
FN:8,(anonymous_1)
FNF:2
FNH:2
FNDA:4,(anonymous_0)
FNDA:4,(anonymous_1)
DA:1,1
DA:7,1
DA:8,4
DA:9,4
DA:12,1
LF:5
LH:5
BRF:0
BRH:0
end_of_record
TN:
SF:src/hooks/lifecycle/useMount.ts
FN:7,(anonymous_0)
FNF:1
FNH:1
FNDA:1,(anonymous_0)
DA:1,1
DA:7,1
DA:8,1
DA:11,1
LF:4
LH:4
BRF:0
BRH:0
end_of_record
TN:
SF:src/hooks/lifecycle/useUnMount.ts
FN:7,(anonymous_0)
FN:10,(anonymous_1)
FNF:2
FNH:2
FNDA:1,(anonymous_0)
FNDA:1,(anonymous_1)
DA:1,1
DA:7,1
DA:8,1
DA:9,1
DA:10,1
DA:13,1
LF:6
LH:6
BRF:0
BRH:0
end_of_record
TN:
SF:src/hooks/lifecycle/useUpdate.ts
FN:6,(anonymous_0)
FNF:1
FNH:1
FNDA:4,(anonymous_0)
DA:1,1
DA:6,1
DA:7,4
DA:10,1
LF:4
LH:4
BRF:0
BRH:0
end_of_record
TN:
SF:src/hooks/utils/useRenderCount.ts
FN:6,(anonymous_0)
FNF:1
FNH:1
FNDA:8,(anonymous_0)
DA:1,2
DA:6,2
DA:7,8
DA:8,8
DA:9,8
DA:12,2
LF:6
LH:6
BRF:0
BRH:0
end_of_record
TN:
SF:src/libs/defer-promise/index.ts
FN:14,(anonymous_0)
FN:18,(anonymous_1)
FN:23,(anonymous_2)
FNF:3
FNH:3
FNDA:3,(anonymous_0)
FNDA:3,(anonymous_1)
FNDA:1,(anonymous_2)
DA:14,1
DA:17,3
DA:18,3
DA:19,3
DA:20,3
DA:22,3
DA:23,1
DA:24,1
DA:28,3
LF:9
LH:9
BRDA:15,0,0,2
BRDA:22,1,0,1
BRF:2
BRH:2
end_of_record
TN:
SF:src/libs/logger/index.ts
FN:9,(anonymous_1)
FN:10,(anonymous_2)
FNF:2
FNH:2
FNDA:1,(anonymous_1)
FNDA:1,(anonymous_2)
DA:1,4
DA:3,4
DA:5,4
DA:7,4
DA:9,1
DA:10,1
DA:13,4
LF:7
LH:7
BRF:0
BRH:0
end_of_record
TN:
SF:src/utils/json.ts
FN:12,(anonymous_1)
FN:24,(anonymous_2)
FNF:2
FNH:2
FNDA:2,(anonymous_1)
FNDA:3,(anonymous_2)
DA:1,1
DA:12,1
DA:13,2
DA:14,2
DA:16,1
DA:17,1
DA:24,1
DA:25,3
DA:26,3
DA:28,1
DA:29,1
LF:11
LH:11
BRF:0
BRH:0
end_of_record
TN:
SF:src/utils/math.ts
FN:10,(anonymous_0)
FN:11,(anonymous_1)
FN:18,(anonymous_2)
FN:25,(anonymous_3)
FN:32,(anonymous_4)
FN:44,range
FN:59,(anonymous_6)
FNF:7
FNH:7
FNDA:15,(anonymous_0)
FNDA:6220,(anonymous_1)
FNDA:11,(anonymous_2)
FNDA:4,(anonymous_3)
FNDA:4,(anonymous_4)
FNDA:6,range
FNDA:38,(anonymous_6)
DA:10,5
DA:11,6220
DA:18,11
DA:25,5
DA:32,5
DA:44,5
DA:49,6
DA:51,2
DA:52,4
DA:54,2
DA:57,6
DA:59,38
LF:12
LH:12
BRDA:49,0,0,2
BRDA:49,0,1,4
BRDA:52,1,0,2
BRF:3
BRH:3
end_of_record
TN:
SF:src/utils/optimization.ts
FN:11,(anonymous_0)
FN:14,(anonymous_1)
FN:16,(anonymous_2)
FN:28,(anonymous_3)
FN:31,(anonymous_4)
FN:36,(anonymous_5)
FN:52,(anonymous_6)
FN:56,(anonymous_7)
FNF:8
FNH:8
FNDA:2,(anonymous_0)
FNDA:10,(anonymous_1)
FNDA:6,(anonymous_2)
FNDA:2,(anonymous_3)
FNDA:11,(anonymous_4)
FNDA:5,(anonymous_5)
FNDA:1,(anonymous_6)
FNDA:2,(anonymous_7)
DA:11,3
DA:12,2
DA:14,2
DA:15,10
DA:16,10
DA:17,6
DA:28,3
DA:29,2
DA:31,2
DA:32,11
DA:33,6
DA:35,5
DA:36,5
DA:37,5
DA:38,5
DA:52,3
DA:53,1
DA:54,1
DA:56,1
DA:57,2
DA:58,1
DA:59,1
DA:60,1
DA:63,2
LF:24
LH:24
BRDA:32,0,0,6
BRDA:57,1,0,1
BRF:2
BRH:2
end_of_record
TN:
SF:src/utils/random.ts
FN:9,(anonymous_0)
FN:19,randomInt
FNF:2
FNH:2
FNDA:5000,(anonymous_0)
FNDA:6000,randomInt
DA:9,5000
DA:19,2
DA:23,6000
DA:24,1000
DA:25,5000
DA:26,5000
DA:29,6000
LF:7
LH:7
BRDA:23,0,0,1000
BRDA:23,0,1,5000
BRDA:25,1,0,5000
BRF:3
BRH:3
end_of_record
TN:
SF:src/utils/string.ts
FN:10,(anonymous_0)
FNF:1
FNH:1
FNDA:3,(anonymous_0)
DA:10,3
LF:1
LH:1
BRF:0
BRH:0
end_of_record
TN:
SF:src/utils/time.ts
FN:23,(anonymous_0)
FN:26,(anonymous_1)
FN:30,(anonymous_2)
FN:33,(anonymous_3)
FN:46,(anonymous_4)
FN:47,(anonymous_5)
FN:48,(anonymous_6)
FNF:7
FNH:7
FNDA:4,(anonymous_0)
FNDA:1,(anonymous_1)
FNDA:4,(anonymous_2)
FNDA:1,(anonymous_3)
FNDA:16,(anonymous_4)
FNDA:16,(anonymous_5)
FNDA:16,(anonymous_6)
DA:23,3
DA:24,4
DA:26,4
DA:27,1
DA:30,4
DA:31,4
DA:32,4
DA:33,4
DA:34,1
DA:38,4
DA:46,3
DA:47,16
DA:48,16
DA:49,16
LF:14
LH:14
BRF:0
BRH:0
end_of_record
